0 info it worked if it ends with ok
1 verbose cli [ '/usr/local/bin/node', '/usr/local/bin/npm', 'run', 'dev' ]
2 info using npm@2.0.0
3 info using node@v0.11.14
4 verbose node symlink /usr/local/bin/node
5 verbose run-script [ 'predev', 'dev', 'postdev' ]
6 info predev Backbone-Require-Handlebars-Jasmine@1.0.0
7 info dev Backbone-Require-Handlebars-Jasmine@1.0.0
8 verbose unsafe-perm in lifecycle true
9 info Backbone-Require-Handlebars-Jasmine@1.0.0 Failed to exec dev script
10 verbose stack Error: Exit status 127
10 verbose stack     at ChildProcess.<anonymous> (/usr/local/lib/node_modules/npm/lib/utils/lifecycle.js:212:16)
10 verbose stack     at ChildProcess.emit (events.js:110:17)
10 verbose stack     at maybeClose (child_process.js:1000:16)
10 verbose stack     at Process.ChildProcess._handle.onexit (child_process.js:1072:5)
11 verbose pkgid Backbone-Require-Handlebars-Jasmine@1.0.0
12 verbose cwd /Users/yc02830/Documents/Playground/backbone/Backbone-Require-Handlebars-Jasmine
13 error Darwin 14.0.0
14 error argv "/usr/local/bin/node" "/usr/local/bin/npm" "run" "dev"
15 error node v0.11.14
16 error npm  v2.0.0
17 error code ELIFECYCLE
18 error Backbone-Require-Handlebars-Jasmine@1.0.0 dev: `sass-dev & handlebars-precompile:watch`
18 error Exit status 127
19 error Failed at the Backbone-Require-Handlebars-Jasmine@1.0.0 dev script.
19 error This is most likely a problem with the Backbone-Require-Handlebars-Jasmine package,
19 error not with npm itself.
19 error Tell the author that this fails on your system:
19 error     sass-dev & handlebars-precompile:watch
19 error You can get their info via:
19 error     npm owner ls Backbone-Require-Handlebars-Jasmine
19 error There is likely additional logging output above.
20 verbose exit [ 1, true ]
